********************************************************************************
product = Open Liberty 21.0.0.11 (wlp-1.0.58.cl211120211019-1900)
wlp.install.dir = /Users/wjprajumsook/Documents/devtools/java-uppgifter/github/java-uppgifter/account-app/target/liberty/wlp/
java.home = /usr/local/Cellar/openjdk/15.0.1/libexec/openjdk.jdk/Contents/Home
java.version = 15.0.1
java.runtime = OpenJDK Runtime Environment (15.0.1+9)
os = Mac OS X (12.0.1; x86_64) (en_GB)
process = 38169@WJs-iMac.viasat.nds.com
********************************************************************************
[05/11/2021, 14:32:37:326 CET] 00000001 com.ibm.ws.kernel.launch.internal.FrameworkManager           A CWWKE0001I: The server defaultServer has been launched.
[05/11/2021, 14:32:38:030 CET] 00000001 com.ibm.ws.kernel.launch.internal.FrameworkManager           I CWWKE0002I: The kernel started after 0.9 seconds
[05/11/2021, 14:32:38:061 CET] 00000023 com.ibm.ws.kernel.feature.internal.FeatureManager            I CWWKF0007I: Feature update started.
[05/11/2021, 14:32:39:024 CET] 0000001b .apache.cxf.cxf.core.3.2:1.0.58.cl211120211019-1900(id=102)] I Aries Blueprint packages not available. So namespaces will not be registered
[05/11/2021, 14:32:39:025 CET] 00000019 .apache.cxf.cxf.core.3.2:1.0.58.cl211120211019-1900(id=102)] I Aries Blueprint packages not available. So namespaces will not be registered
[05/11/2021, 14:32:39:073 CET] 00000017 com.ibm.ws.security.ready.internal.SecurityReadyServiceImpl  I CWWKS0007I: The security service is starting...
[05/11/2021, 14:32:39:270 CET] 00000018 com.ibm.ws.app.manager.internal.monitor.DropinMonitor        A CWWKZ0058I: Monitoring dropins for applications.
[05/11/2021, 14:32:39:525 CET] 0000001b com.ibm.ws.cache.ServerCache                                 I DYNA1001I: WebSphere Dynamic Cache instance named baseCache initialized successfully.
[05/11/2021, 14:32:39:527 CET] 0000001b com.ibm.ws.cache.ServerCache                                 I DYNA1071I: The cache provider default is being used.
[05/11/2021, 14:32:39:528 CET] 0000001b com.ibm.ws.cache.CacheServiceImpl                            I DYNA1056I: Dynamic Cache (object cache) initialized successfully.
[05/11/2021, 14:32:39:532 CET] 0000001b .ws.security.mp.jwt.v11.config.impl.MpConfigProxyServiceImpl I CWWKS5775I: The MicroProfile JWT version 1.1 mpConfigProxy processed successfully.
[05/11/2021, 14:32:39:535 CET] 00000018 rty.security.mp.jwt.v12.config.impl.MpConfigProxyServiceImpl I CWWKS5780I: The MicroProfile JWT version 1.2 mpConfigProxy processed successfully.
[05/11/2021, 14:32:39:742 CET] 0000001f com.ibm.ws.ssl.config.WSKeyStore                             A CWPKI0820A: The default keystore has been created using the 'keystore_password' environment variable.
[05/11/2021, 14:32:39:745 CET] 0000001f com.ibm.ws.ssl.config.WSKeyStore                             I CWPKI0802I: Creating the SSL certificate. This may take a few seconds.
[05/11/2021, 14:32:39:757 CET] 00000026 com.ibm.ws.security.token.ltpa.LTPAKeyInfoManager            I CWWKS4103I: Creating the LTPA keys. This may take a few seconds.
[05/11/2021, 14:32:39:778 CET] 00000017 ibm.ws.security.authentication.internal.jaas.JAASServiceImpl I CWWKS1123I: The collective authentication plugin with class name NullCollectiveAuthenticationPlugin has been activated. 
[05/11/2021, 14:32:39:973 CET] 00000017 com.ibm.ws.security.jwt.internal.ConsumerImpl                I CWWKS6012I: The JSON Web Token (JWT) consumer service is available.
[05/11/2021, 14:32:39:989 CET] 00000017 com.ibm.ws.security.jwt.web.JwtEndpointServices              I CWWKS6002I: The JSON Web Token (JWT) endpoint service is available.
[05/11/2021, 14:32:40:068 CET] 00000017 com.ibm.ws.security.jaspi.AuthConfigFactoryWrapper           I CWWKS1655I: The default Java Authentication SPI for Containers (JASPIC) AuthConfigFactory class com.ibm.ws.security.jaspi.ProviderRegistry is being used because the Java security property authconfigprovider.factory is not set. 
[05/11/2021, 14:32:40:217 CET] 00000026 com.ibm.ws.security.token.ltpa.LTPAKeyInfoManager            A CWWKS4104A: LTPA keys created in 0.460 seconds. LTPA key file: /Users/wjprajumsook/Documents/devtools/java-uppgifter/github/java-uppgifter/account-app/target/liberty/wlp/usr/servers/defaultServer/resources/security/ltpa.keys
[05/11/2021, 14:32:40:221 CET] 00000026 com.ibm.ws.security.token.ltpa.internal.LTPAKeyCreateTask    I CWWKS4105I: LTPA configuration is ready after 0.466 seconds.
[05/11/2021, 14:32:40:525 CET] 00000017 com.ibm.ws.session.WASSessionCore                            I SESN8501I: The session manager did not find a persistent storage location; HttpSession objects will be stored in the local application server's memory.
[05/11/2021, 14:32:40:584 CET] 00000017 .microprofile.metrics.internal.monitor.MonitorMetricsHandler I CWPMI2003I: Monitoring metrics can be retrieved through mpMetrics.
[05/11/2021, 14:32:40:986 CET] 00000033 com.ibm.ws.app.manager.AppMessageHelper                      I CWWKZ0018I: Starting application account-app.
[05/11/2021, 14:32:40:987 CET] 00000033 bm.ws.app.manager.war.internal.WARDeployedAppInfoFactoryImpl I CWWKZ0134I: The account-app application is using the loose application definition at the /Users/wjprajumsook/Documents/devtools/java-uppgifter/github/java-uppgifter/account-app/target/liberty/wlp/usr/servers/defaultServer/apps/account-app.war.xml location.
[05/11/2021, 14:32:41:096 CET] 00000028 com.ibm.ws.webcontainer.osgi.webapp.WebGroup                 I SRVE0169I: Loading Web Module: PrivateMicroProfileMetrics.
[05/11/2021, 14:32:41:096 CET] 00000027 com.ibm.ws.webcontainer.osgi.webapp.WebGroup                 I SRVE0169I: Loading Web Module: ibm/api.
[05/11/2021, 14:32:41:096 CET] 0000002f com.ibm.ws.webcontainer.osgi.webapp.WebGroup                 I SRVE0169I: Loading Web Module: OpenAPIUI.
[05/11/2021, 14:32:41:097 CET] 00000028 com.ibm.ws.webcontainer                                      I SRVE0250I: Web Module PrivateMicroProfileMetrics has been bound to default_host.
[05/11/2021, 14:32:41:097 CET] 00000027 com.ibm.ws.webcontainer                                      I SRVE0250I: Web Module ibm/api has been bound to default_host.
[05/11/2021, 14:32:41:097 CET] 0000002f com.ibm.ws.webcontainer                                      I SRVE0250I: Web Module OpenAPIUI has been bound to default_host.
[05/11/2021, 14:32:41:098 CET] 00000028 com.ibm.ws.http.internal.VirtualHostImpl                     A CWWKT0016I: Web application available (default_host): http://wjs-imac.viasat.nds.com:9090/metrics/
[05/11/2021, 14:32:41:102 CET] 0000002f com.ibm.ws.http.internal.VirtualHostImpl                     A CWWKT0016I: Web application available (default_host): http://wjs-imac.viasat.nds.com:9090/openapi/ui/
[05/11/2021, 14:32:41:102 CET] 00000027 com.ibm.ws.http.internal.VirtualHostImpl                     A CWWKT0016I: Web application available (default_host): http://wjs-imac.viasat.nds.com:9090/ibm/api/
[05/11/2021, 14:32:41:106 CET] 00000026 com.ibm.ws.webcontainer.osgi.webapp.WebGroup                 I SRVE0169I: Loading Web Module: com.ibm.ws.security.jwt.
[05/11/2021, 14:32:41:106 CET] 00000026 com.ibm.ws.webcontainer                                      I SRVE0250I: Web Module com.ibm.ws.security.jwt has been bound to default_host.
[05/11/2021, 14:32:41:106 CET] 00000026 com.ibm.ws.http.internal.VirtualHostImpl                     A CWWKT0016I: Web application available (default_host): http://wjs-imac.viasat.nds.com:9090/jwt/
[05/11/2021, 14:32:41:112 CET] 00000029 com.ibm.ws.webcontainer.osgi.webapp.WebGroup                 I SRVE0169I: Loading Web Module: health.
[05/11/2021, 14:32:41:112 CET] 00000029 com.ibm.ws.webcontainer                                      I SRVE0250I: Web Module health has been bound to default_host.
[05/11/2021, 14:32:41:112 CET] 00000029 com.ibm.ws.http.internal.VirtualHostImpl                     A CWWKT0016I: Web application available (default_host): http://wjs-imac.viasat.nds.com:9090/health/
[05/11/2021, 14:32:41:136 CET] 00000038 com.ibm.ws.session.WASSessionCore                            I SESN0176I: A new session context will be created for application key default_host/metrics
[05/11/2021, 14:32:41:137 CET] 00000035 com.ibm.ws.session.WASSessionCore                            I SESN0176I: A new session context will be created for application key default_host/openapi/ui
[05/11/2021, 14:32:41:137 CET] 00000029 com.ibm.ws.session.WASSessionCore                            I SESN0176I: A new session context will be created for application key default_host/health
[05/11/2021, 14:32:41:138 CET] 00000027 com.ibm.ws.session.WASSessionCore                            I SESN0176I: A new session context will be created for application key default_host/ibm/api
[05/11/2021, 14:32:41:145 CET] 00000028 com.ibm.ws.session.WASSessionCore                            I SESN0176I: A new session context will be created for application key default_host/jwt
[05/11/2021, 14:32:41:171 CET] 0000002e com.ibm.ws.webcontainer.osgi.webapp.WebGroup                 I SRVE0169I: Loading Web Module: MicroProfileOpenAPI.
[05/11/2021, 14:32:41:172 CET] 0000002e com.ibm.ws.webcontainer                                      I SRVE0250I: Web Module MicroProfileOpenAPI has been bound to default_host.
[05/11/2021, 14:32:41:172 CET] 0000002e com.ibm.ws.http.internal.VirtualHostImpl                     A CWWKT0016I: Web application available (default_host): http://wjs-imac.viasat.nds.com:9090/openapi/
[05/11/2021, 14:32:41:186 CET] 00000038 com.ibm.ws.util                                              I SESN0172I: The session manager is using the Java default SecureRandom implementation for session ID generation.
[05/11/2021, 14:32:41:191 CET] 00000025 com.ibm.ws.session.WASSessionCore                            I SESN0176I: A new session context will be created for application key default_host/openapi
[05/11/2021, 14:32:41:191 CET] 00000025 com.ibm.ws.util                                              I SESN0172I: The session manager is using the Java default SecureRandom implementation for session ID generation.
[05/11/2021, 14:32:41:192 CET] 00000028 com.ibm.ws.util                                              I SESN0172I: The session manager is using the Java default SecureRandom implementation for session ID generation.
[05/11/2021, 14:32:41:197 CET] 00000027 com.ibm.ws.util                                              I SESN0172I: The session manager is using the Java default SecureRandom implementation for session ID generation.
[05/11/2021, 14:32:41:197 CET] 00000029 com.ibm.ws.util                                              I SESN0172I: The session manager is using the Java default SecureRandom implementation for session ID generation.
[05/11/2021, 14:32:41:197 CET] 00000035 com.ibm.ws.util                                              I SESN0172I: The session manager is using the Java default SecureRandom implementation for session ID generation.
[05/11/2021, 14:32:41:202 CET] 00000035 com.ibm.ws.cache.CacheServiceImpl                            I DYNA1056I: Dynamic Cache (object cache) initialized successfully.
[05/11/2021, 14:32:41:379 CET] 00000029 com.ibm.ws.webcontainer.servlet                              I SRVE0242I: [io.openliberty.microprofile.health.3.0.internal] [/health] [HealthCheckReadinessServlet]: Initialization successful.
[05/11/2021, 14:32:41:380 CET] 00000025 com.ibm.ws.webcontainer.servlet                              I SRVE0242I: [io.openliberty.microprofile.openapi.2.0.internal] [/openapi] [ApplicationServlet]: Initialization successful.
[05/11/2021, 14:32:41:381 CET] 00000029 com.ibm.ws.webcontainer.servlet                              I SRVE0242I: [io.openliberty.microprofile.health.3.0.internal] [/health] [HealthCheckServlet]: Initialization successful.
[05/11/2021, 14:32:41:382 CET] 00000029 com.ibm.ws.webcontainer.servlet                              I SRVE0242I: [io.openliberty.microprofile.health.3.0.internal] [/health] [HealthCheckLivenessServlet]: Initialization successful.
[05/11/2021, 14:32:41:384 CET] 00000038 com.ibm.ws.webcontainer.servlet                              I SRVE0242I: [io.openliberty.microprofile.metrics.internal.private] [/metrics] [PrivateMetricsRESTProxyServlet]: Initialization successful.
[05/11/2021, 14:32:41:401 CET] 0000001f com.ibm.ws.ssl.config.WSKeyStore                             A CWPKI0803A: SSL certificate created in 1.656 seconds. SSL key file: /Users/wjprajumsook/Documents/devtools/java-uppgifter/github/java-uppgifter/account-app/target/liberty/wlp/usr/servers/defaultServer/resources/security/key.p12
[05/11/2021, 14:32:41:403 CET] 0000001f com.ibm.ws.ssl.config.WSKeyStore                             I Successfully loaded default keystore: /Users/wjprajumsook/Documents/devtools/java-uppgifter/github/java-uppgifter/account-app/target/liberty/wlp/usr/servers/defaultServer/resources/security/key.p12 of type: PKCS12
[05/11/2021, 14:32:41:505 CET] 00000034 com.ibm.ws.webcontainer.osgi.mbeans.PluginGenerator          I SRVE9103I: A configuration file for a web server plugin was automatically generated for this server at /Users/wjprajumsook/Documents/devtools/java-uppgifter/github/java-uppgifter/account-app/target/liberty/wlp/usr/servers/defaultServer/logs/state/plugin-cfg.xml.
[05/11/2021, 14:32:41:526 CET] 00000026 com.ibm.ws.webcontainer.osgi.mbeans.PluginGenerator          I SRVE9103I: A configuration file for a web server plugin was automatically generated for this server at /Users/wjprajumsook/Documents/devtools/java-uppgifter/github/java-uppgifter/account-app/target/liberty/wlp/usr/servers/defaultServer/logs/state/plugin-cfg.xml.
[05/11/2021, 14:32:41:682 CET] 0000001f com.ibm.ws.security.mp.jwt.impl.MicroProfileJwtServiceImpl   I CWWKS5500I: The MicroProfile JWT configuration [MicroProfileJwtService] was successfully processed.
[05/11/2021, 14:32:41:684 CET] 0000001f com.ibm.ws.security.mp.jwt.impl.MicroProfileJwtConfigImpl    I CWWKS5500I: The MicroProfile JWT configuration [defaultMpJwt] was successfully processed.
[05/11/2021, 14:32:42:452 CET] 00000033 io.openliberty.microprofile.openapi20.ApplicationProcessor   I CWWKO1660I: The application account-app was processed and an OpenAPI document was produced.
[05/11/2021, 14:32:42:474 CET] 00000033 org.jboss.weld.Version                                       I WELD-000900: 3.1.8 (Final)
[05/11/2021, 14:32:43:690 CET] 00000033 com.ibm.ws.webcontainer.osgi.webapp.WebGroup                 I SRVE0169I: Loading Web Module: account-app.
[05/11/2021, 14:32:43:690 CET] 00000033 com.ibm.ws.webcontainer                                      I SRVE0250I: Web Module account-app has been bound to default_host.
[05/11/2021, 14:32:43:690 CET] 00000033 com.ibm.ws.http.internal.VirtualHostImpl                     A CWWKT0016I: Web application available (default_host): http://wjs-imac.viasat.nds.com:9090/
[05/11/2021, 14:32:43:692 CET] 00000025 com.ibm.ws.session.WASSessionCore                            I SESN0176I: A new session context will be created for application key default_host/
[05/11/2021, 14:32:43:692 CET] 00000025 com.ibm.ws.util                                              I SESN0172I: The session manager is using the Java default SecureRandom implementation for session ID generation.
[05/11/2021, 14:32:43:706 CET] 0000002e com.ibm.ws.webcontainer.osgi.mbeans.PluginGenerator          I SRVE9103I: A configuration file for a web server plugin was automatically generated for this server at /Users/wjprajumsook/Documents/devtools/java-uppgifter/github/java-uppgifter/account-app/target/liberty/wlp/usr/servers/defaultServer/logs/state/plugin-cfg.xml.
[05/11/2021, 14:32:43:712 CET] 00000025 com.ibm.ws.app.manager.AppMessageHelper                      A CWWKZ0001I: Application account-app started in 2.726 seconds.
[05/11/2021, 14:32:43:727 CET] 00000023 com.ibm.ws.tcpchannel.internal.TCPPort                       I CWWKO0219I: TCP Channel defaultHttpEndpoint has been started and is now listening for requests on host *  (IPv6) port 9090.
[05/11/2021, 14:32:43:729 CET] 00000023 com.ibm.ws.tcpchannel.internal.TCPPort                       I CWWKO0219I: TCP Channel defaultHttpEndpoint-ssl has been started and is now listening for requests on host *  (IPv6) port 9443.
[05/11/2021, 14:32:43:747 CET] 00000023 com.ibm.ws.kernel.feature.internal.FeatureManager            A CWWKF0012I: The server installed the following features: [appSecurity-3.0, cdi-2.0, distributedMap-1.0, el-3.0, jaxrs-2.1, jaxrsClient-2.1, jndi-1.0, json-1.0, jsonb-1.0, jsonp-1.1, jwt-1.0, microProfile-4.0, monitor-1.0, mpConfig-2.0, mpFaultTolerance-3.0, mpHealth-3.0, mpJwt-1.2, mpMetrics-3.0, mpOpenAPI-2.0, mpOpenTracing-2.0, mpRestClient-2.0, opentracing-2.0, servlet-4.0, ssl-1.0].
[05/11/2021, 14:32:43:747 CET] 00000023 com.ibm.ws.kernel.feature.internal.FeatureManager            I CWWKF0008I: Feature update completed in 5.721 seconds.
[05/11/2021, 14:32:43:747 CET] 00000023 com.ibm.ws.kernel.feature.internal.FeatureManager            A CWWKF0011I: The defaultServer server is ready to run a smarter planet. The defaultServer server started in 6.621 seconds.
[05/11/2021, 14:32:46:032 CET] 00000035 com.ibm.ws.http.internal.VirtualHostImpl                     A CWWKT0017I: Web application removed (default_host): http://wjs-imac.viasat.nds.com:9090/
[05/11/2021, 14:32:46:052 CET] 00000035 com.ibm.ws.app.manager.AppMessageHelper                      A CWWKZ0009I: The application account-app has stopped successfully.
[05/11/2021, 14:32:46:055 CET] 00000035 com.ibm.ws.app.manager.AppMessageHelper                      I CWWKZ0018I: Starting application account-app.
[05/11/2021, 14:32:46:055 CET] 00000035 bm.ws.app.manager.war.internal.WARDeployedAppInfoFactoryImpl I CWWKZ0134I: The account-app application is using the loose application definition at the /Users/wjprajumsook/Documents/devtools/java-uppgifter/github/java-uppgifter/account-app/target/liberty/wlp/usr/servers/defaultServer/apps/account-app.war.xml location.
[05/11/2021, 14:32:46:076 CET] 00000027 com.ibm.ws.webcontainer.osgi.mbeans.PluginGenerator          I SRVE9103I: A configuration file for a web server plugin was automatically generated for this server at /Users/wjprajumsook/Documents/devtools/java-uppgifter/github/java-uppgifter/account-app/target/liberty/wlp/usr/servers/defaultServer/logs/state/plugin-cfg.xml.
[05/11/2021, 14:32:46:465 CET] 00000035 io.openliberty.microprofile.openapi20.ApplicationProcessor   I CWWKO1660I: The application account-app was processed and an OpenAPI document was produced.
[05/11/2021, 14:32:46:802 CET] 00000035 com.ibm.ws.webcontainer.osgi.webapp.WebGroup                 I SRVE0169I: Loading Web Module: account-app.
[05/11/2021, 14:32:46:802 CET] 00000035 com.ibm.ws.webcontainer                                      I SRVE0250I: Web Module account-app has been bound to default_host.
[05/11/2021, 14:32:46:802 CET] 00000035 com.ibm.ws.http.internal.VirtualHostImpl                     A CWWKT0016I: Web application available (default_host): http://wjs-imac.viasat.nds.com:9090/
[05/11/2021, 14:32:46:803 CET] 00000028 com.ibm.ws.session.WASSessionCore                            I SESN0176I: A new session context will be created for application key default_host/
[05/11/2021, 14:32:46:803 CET] 00000028 com.ibm.ws.util                                              I SESN0172I: The session manager is using the Java default SecureRandom implementation for session ID generation.
[05/11/2021, 14:32:46:807 CET] 00000028 com.ibm.ws.app.manager.AppMessageHelper                      A CWWKZ0003I: The application account-app updated in 0.752 seconds.
[05/11/2021, 14:32:46:816 CET] 00000033 com.ibm.ws.webcontainer.osgi.mbeans.PluginGenerator          I SRVE9103I: A configuration file for a web server plugin was automatically generated for this server at /Users/wjprajumsook/Documents/devtools/java-uppgifter/github/java-uppgifter/account-app/target/liberty/wlp/usr/servers/defaultServer/logs/state/plugin-cfg.xml.
[05/11/2021, 14:33:22:422 CET] 00000025 .apache.cxf.cxf.core.3.2:1.0.58.cl211120211019-1900(id=102)] I Setting the server's publish address to be /api/
[05/11/2021, 14:33:22:469 CET] 00000025 com.ibm.ws.webcontainer.servlet                              I SRVE0242I: [account-app] [/] [org.wj.prajumsook.AccountApplication]: Initialization successful.
[05/11/2021, 14:33:22:505 CET] 00000025 rty.opentracing.internal.OpentracingUserFeatureAccessService W CWMOT0010W: OpenTracing cannot track JAX-RS requests because an OpentracingTracerFactory class was not provided or client libraries for tracing backend are not in the class path.
[05/11/2021, 14:33:22:948 CET] 00000025 SystemOut                                                    O  INFO [Default Executor-thread-2] (AccountService.java:69) - Success retrieving accounts
[05/11/2021, 14:33:22:949 CET] 00000025 SystemOut                                                    O  INFO [Default Executor-thread-2] (AccountService.java:70) - [Account(accountName=Test Account, balance=310.000, id=test_account_01), Account(accountName=Savings Account, balance=2310.000, id=test_account_02), Account(accountName=Salary Account, balance=210.000, id=test_account_03), Account(accountName=Deposit Account, balance=2010.000, id=test_account_04), Account(accountName=Checking Account, balance=20310.000, id=test_account_05), Account(accountName=Test Account, balance=10.000, id=test_account_06), Account(accountName=Test Account, balance=20.000, id=test_account_07)]
[05/11/2021, 14:33:22:955 CET] 00000025 SystemOut                                                    O  INFO [Default Executor-thread-2] (AccountService.java:69) - Success retrieving accounts
[05/11/2021, 14:33:22:956 CET] 00000025 SystemOut                                                    O  INFO [Default Executor-thread-2] (AccountService.java:70) - [Account(accountName=Test Account, balance=310.000, id=test_account_01), Account(accountName=Savings Account, balance=2310.000, id=test_account_02), Account(accountName=Salary Account, balance=210.000, id=test_account_03), Account(accountName=Deposit Account, balance=2010.000, id=test_account_04), Account(accountName=Checking Account, balance=20310.000, id=test_account_05), Account(accountName=Test Account, balance=10.000, id=test_account_06), Account(accountName=Test Account, balance=20.000, id=test_account_07)]
[05/11/2021, 14:33:23:122 CET] 00000028 SystemOut                                                    O  INFO [Default Executor-thread-5] (AccountService.java:43) - Account successfully created.
[05/11/2021, 14:33:23:123 CET] 00000028 SystemOut                                                    O  INFO [Default Executor-thread-5] (AccountService.java:44) - Account(accountName=Cucumber Account, balance=123.000, id=cucumber_test_account)
[05/11/2021, 14:33:23:142 CET] 00000033 SystemOut                                                    O  INFO [Default Executor-thread-9] (AccountService.java:35) - Getting account by id cucumber_test_account
[05/11/2021, 14:33:23:143 CET] 00000033 SystemOut                                                    O  INFO [Default Executor-thread-9] (AccountService.java:36) - Result account Account(accountName=Cucumber Account, balance=123.000, id=cucumber_test_account)
[05/11/2021, 14:33:36:459 CET] 00000023 SystemOut                                                    O  INFO [Default Executor-thread-1] (AccountService.java:43) - Account successfully created.
[05/11/2021, 14:33:36:460 CET] 00000023 SystemOut                                                    O  INFO [Default Executor-thread-1] (AccountService.java:44) - Account(accountName=Cucumber Account, balance=123.000, id=cucumber_test_account)
[05/11/2021, 14:33:36:482 CET] 00000027 SystemOut                                                    O  INFO [Default Executor-thread-4] (AccountService.java:35) - Getting account by id cucumber_test_account
[05/11/2021, 14:33:36:483 CET] 00000027 SystemOut                                                    O  INFO [Default Executor-thread-4] (AccountService.java:36) - Result account Account(accountName=Cucumber Account, balance=123.000, id=cucumber_test_account)
[05/11/2021, 14:36:14:229 CET] 00000013 com.ibm.ws.kernel.launch.internal.FrameworkManager           A CWWKE0085I: The server defaultServer is stopping because the JVM is exiting.
[05/11/2021, 14:36:14:234 CET] 00000048 com.ibm.ws.runtime.update.internal.RuntimeUpdateManagerImpl  A CWWKE1100I: Waiting for up to 30 seconds for the server to quiesce.
[05/11/2021, 14:36:14:244 CET] 00000028 com.ibm.ws.tcpchannel.internal.TCPChannel                    I CWWKO0220I: TCP Channel defaultHttpEndpoint has stopped listening for requests on host *  (IPv6) port 9090.
[05/11/2021, 14:36:14:245 CET] 0000002f com.ibm.ws.tcpchannel.internal.TCPChannel                    I CWWKO0220I: TCP Channel defaultHttpEndpoint-ssl has stopped listening for requests on host *  (IPv6) port 9443.
[05/11/2021, 14:36:14:246 CET] 0000002f com.ibm.ws.http.internal.VirtualHostImpl                     A CWWKT0017I: Web application removed (default_host): https://wjs-imac.viasat.nds.com:9443/jwt/
[05/11/2021, 14:36:14:246 CET] 0000002f com.ibm.ws.http.internal.VirtualHostImpl                     A CWWKT0017I: Web application removed (default_host): https://wjs-imac.viasat.nds.com:9443/openapi/ui/
[05/11/2021, 14:36:14:246 CET] 0000002f com.ibm.ws.http.internal.VirtualHostImpl                     A CWWKT0017I: Web application removed (default_host): https://wjs-imac.viasat.nds.com:9443/metrics/
[05/11/2021, 14:36:14:246 CET] 0000002f com.ibm.ws.http.internal.VirtualHostImpl                     A CWWKT0017I: Web application removed (default_host): https://wjs-imac.viasat.nds.com:9443/health/
[05/11/2021, 14:36:14:246 CET] 0000002f com.ibm.ws.http.internal.VirtualHostImpl                     A CWWKT0017I: Web application removed (default_host): https://wjs-imac.viasat.nds.com:9443/
[05/11/2021, 14:36:14:246 CET] 0000002f com.ibm.ws.http.internal.VirtualHostImpl                     A CWWKT0017I: Web application removed (default_host): https://wjs-imac.viasat.nds.com:9443/ibm/api/
[05/11/2021, 14:36:14:246 CET] 0000002f com.ibm.ws.http.internal.VirtualHostImpl                     A CWWKT0017I: Web application removed (default_host): https://wjs-imac.viasat.nds.com:9443/openapi/
[05/11/2021, 14:36:14:427 CET] 00000014 com.ibm.ws.kernel.launch.internal.ServerCommandListener      A CWWKE0055I: Server shutdown requested on Friday, 5 November 2021 at 14:36. The server defaultServer is shutting down.
[05/11/2021, 14:36:15:251 CET] 00000048 com.ibm.ws.runtime.update.internal.RuntimeUpdateManagerImpl  I CWWKE1101I: Server quiesce complete.
[05/11/2021, 14:36:15:274 CET] 00000043 com.ibm.ws.app.manager.AppMessageHelper                      A CWWKZ0009I: The application account-app has stopped successfully.
[05/11/2021, 14:36:15:495 CET] 00000048 rty.security.mp.jwt.v12.config.impl.MpConfigProxyServiceImpl I CWWKS5782I: The MicroProfile JWT version 1.2 mpConfigProxy deactivated successfully.
[05/11/2021, 14:36:15:496 CET] 00000048 .ws.security.mp.jwt.v11.config.impl.MpConfigProxyServiceImpl I CWWKS5777I: The MicroProfile JWT version 1.1 mpConfigProxy deactivated successfully.
[05/11/2021, 14:36:15:498 CET] 00000048 com.ibm.ws.security.mp.jwt.impl.MicroProfileJwtConfigImpl    I CWWKS5502I: The MicroProfile JWT configuration [defaultMpJwt] was successfully deactivated.
[05/11/2021, 14:36:15:499 CET] 00000048 com.ibm.ws.security.mp.jwt.impl.MicroProfileJwtServiceImpl   I CWWKS5502I: The MicroProfile JWT configuration [MicroProfileJwtService] was successfully deactivated.
[05/11/2021, 14:36:15:529 CET] 00000048 .microprofile.metrics.internal.monitor.MonitorMetricsHandler I CWPMI2004I: All monitoring metrics were unregistered from mpMetrics.
[05/11/2021, 14:36:15:615 CET] 00000048 com.ibm.ws.security.ready.internal.SecurityReadyServiceImpl  I CWWKS0009I: The security service has stopped.
[05/11/2021, 14:36:15:638 CET] 00000048 ibm.ws.security.authentication.internal.jaas.JAASServiceImpl I CWWKS1124I: The collective authentication plugin with class name NullCollectiveAuthenticationPlugin has been deactivated. 
[05/11/2021, 14:36:15:962 CET] 00000001 com.ibm.ws.kernel.launch.internal.FrameworkManager           A CWWKE0036I: The server defaultServer stopped after 3 minutes, 38.832 seconds.
